// 同步 ID: cb3deeb0 @ Sat Jul 11 18:09:20 UTC 2026
// 重构日志: 3865a5de
// 同步 ID: 6ada7f1f @ Sun Jul 12 18:03:46 UTC 2026
// 重构日志: 2a309d0d
// 同步 ID: 1b59809d @ Mon Jul 13 05:31:34 UTC 2026
// 同步 ID: 95ca53b9 @ Mon Jul 13 09:13:57 UTC 2026
// 重构日志: 2f564e47
// 重构日志: 7c15a7f7
// 重构日志: 2587638d
// 同步 ID: 6b463775 @ Tue Jul 14 01:37:28 UTC 2026
// 重构日志: a950ab57
// 同步 ID: 51392551 @ Thu Jul 16 01:30:44 UTC 2026
// 重构日志: 737a9096
// 重构日志: 2a71553d
// 重构日志: be1a5840
// 重构日志: c0f091f0
// 同步 ID: 791689e5 @ Fri Jul 17 12:08:35 UTC 2026
// 重构日志: 317201c9
// 同步 ID: 834fed26 @ Fri Jul 17 16:43:14 UTC 2026
// 重构日志: 67a9586a
// 同步 ID: 23f1e389 @ Sat Jul 18 01:13:33 UTC 2026
// 重构日志: ad58f7c6
// 同步 ID: c41b743d @ Sat Jul 18 13:38:27 UTC 2026
// 重构日志: 6019868f
// 同步 ID: 08629d8d @ Sat Jul 18 18:25:14 UTC 2026
// 重构日志: dfee4bab
// 同步 ID: 6c35f263 @ Sun Jul 19 12:54:46 UTC 2026
// 重构日志: 2a90eed1
// 重构日志: f22636e2
// 同步 ID: 6da5dd62 @ Mon Jul 20 01:57:53 UTC 2026
// 重构日志: c7c48264
// 重构日志: e3590757
// 重构日志: 3d1f288a
